<?xml version="1.0" encoding="UTF-8"?>
<!-- Generated by org.testng.reporters.JUnitReportReporter -->
<testsuite skipped="0" hostname="Yathish" name="com.w2a.testcases.LoginTest" tests="1" failures="0" timestamp="05 Jun 2021 07:53:56 GMT" time="1.936" errors="0">
  <testcase name="loginTest" time="1.936" classname="com.w2a.testcases.LoginTest"/>
</testsuite> <!-- com.w2a.testcases.LoginTest -->
