<?xml version="1.0" encoding="UTF-8"?>
<!-- Generated by org.testng.reporters.JUnitReportReporter -->
<testsuite skipped="0" hostname="Yathish" name="com.w2a.testcases.CreateAccountTest" tests="1" failures="0" timestamp="05 Jun 2021 07:53:56 GMT" time="15.555" errors="0">
  <testcase name="createAccountTest" time="15.555" classname="com.w2a.testcases.CreateAccountTest"/>
</testsuite> <!-- com.w2a.testcases.CreateAccountTest -->
